#
# There is insufficient memory for the Java Runtime Environment to continue.
# Native memory allocation (mmap) failed to map 65536 bytes for Failed to commit metaspace.
# Possible reasons:
#   The system is out of physical RAM or swap space
#   The process is running with CompressedOops enabled, and the Java Heap may be blocking the growth of the native heap
# Possible solutions:
#   Reduce memory load on the system
#   Increase physical memory or swap space
#   Check if swap backing store is full
#   Decrease Java heap size (-Xmx/-Xms)
#   Decrease number of Java threads
#   Decrease Java thread stack sizes (-Xss)
#   Set larger code cache with -XX:ReservedCodeCacheSize=
#   JVM is running with Unscaled Compressed Oops mode in which the Java heap is
#     placed in the first 4GB address space. The Java Heap base address is the
#     maximum limit for the native heap growth. Please use -XX:HeapBaseMinAddress
#     to set the Java Heap base and to place the Java Heap above 4GB virtual address.
# This output file may be truncated or incomplete.
#
#  Out of Memory Error (virtualSpaceNode.cpp:112), pid=4084, tid=10784
#
# JRE version: Java(TM) SE Runtime Environment (21.0.5+9) (build 21.0.5+9-LTS-239)
# Java VM: Java HotSpot(TM) 64-Bit Server VM (21.0.5+9-LTS-239, mixed mode, tiered, compressed oops, compressed class ptrs, g1 gc, windows-amd64)
# No core dump will be written. Minidumps are not enabled by default on client versions of Windows
#

---------------  S U M M A R Y ------------

Command Line: -Dfile.encoding=UTF-8 -Dstdout.encoding=UTF-8 -Dstderr.encoding=UTF-8 -XX:+ShowCodeDetailsInExceptionMessages Decisions.uppercase

Host: AMD Ryzen 5 5600H with Radeon Graphics         , 12 cores, 5G,  Windows 11 , 64 bit Build 22621 (10.0.22621.4391)
Time: Fri Dec 27 17:53:35 2024 India Standard Time elapsed time: 0.219724 seconds (0d 0h 0m 0s)

---------------  T H R E A D  ---------------

Current thread (0x000001dddfc291c0):  JavaThread "main"             [_thread_in_vm, id=10784, stack(0x00000083de500000,0x00000083de600000) (1024K)]

Stack: [0x00000083de500000,0x00000083de600000]
Native frames: (J=compiled Java code, j=interpreted, Vv=VM code, C=native code)
V  [jvm.dll+0x6ca289]
V  [jvm.dll+0x854a51]
V  [jvm.dll+0x856f7e]
V  [jvm.dll+0x857653]
V  [jvm.dll+0x27dd26]
V  [jvm.dll+0x85066e]
V  [jvm.dll+0x66dfd5]
V  [jvm.dll+0x1e3efc]
V  [jvm.dll+0x1e3cce]
V  [jvm.dll+0x670903]
V  [jvm.dll+0x670722]
V  [jvm.dll+0x66e9ae]
V  [jvm.dll+0x3bcf4f]
V  [jvm.dll+0x20ce3b]
V  [jvm.dll+0x5aced6]
V  [jvm.dll+0x21c77a]
V  [jvm.dll+0x7ce34c]
V  [jvm.dll+0x7cf374]
V  [jvm.dll+0x7cf942]
V  [jvm.dll+0x7cf5c8]
V  [jvm.dll+0x26bb4b]
V  [jvm.dll+0x3d27de]
C  0x000001ddf18ea816

The last pc belongs to new (printed below).
Java frames: (J=compiled Java code, j=interpreted, Vv=VM code)
j  java.util.ResourceBundle$Control.<clinit>()V+52 java.base@21.0.5
v  ~StubRoutines::call_stub 0x000001ddf18d100d
j  sun.util.resources.LocaleData.<clinit>()V+0 java.base@21.0.5
v  ~StubRoutines::call_stub 0x000001ddf18d100d
j  sun.util.locale.provider.JRELocaleProviderAdapter.getLocaleData()Lsun/util/resources/LocaleData;+19 java.base@21.0.5
j  sun.util.locale.provider.LocaleResources.<init>(Lsun/util/locale/provider/ResourceBundleBasedAdapter;Ljava/util/Locale;)V+33 java.base@21.0.5
j  sun.util.locale.provider.JRELocaleProviderAdapter.getLocaleResources(Ljava/util/Locale;)Lsun/util/locale/provider/LocaleResources;+24 java.base@21.0.5
j  sun.util.locale.provider.NumberFormatProviderImpl.getInstance(Ljava/util/Locale;I)Ljava/text/NumberFormat;+42 java.base@21.0.5
j  sun.util.locale.provider.NumberFormatProviderImpl.getNumberInstance(Ljava/util/Locale;)Ljava/text/NumberFormat;+3 java.base@21.0.5
j  java.text.NumberFormat.getInstance(Lsun/util/locale/provider/LocaleProviderAdapter;Ljava/util/Locale;Ljava/text/NumberFormat$Style;I)Ljava/text/NumberFormat;+47 java.base@21.0.5
j  java.text.NumberFormat.getInstance(Ljava/util/Locale;Ljava/text/NumberFormat$Style;I)Ljava/text/NumberFormat;+11 java.base@21.0.5
j  java.text.NumberFormat.getNumberInstance(Ljava/util/Locale;)Ljava/text/NumberFormat;+3 java.base@21.0.5
j  java.util.Scanner.useLocale(Ljava/util/Locale;)Ljava/util/Scanner;+31 java.base@21.0.5
j  java.util.Scanner.<init>(Ljava/lang/Readable;Ljava/util/regex/Pattern;)V+243 java.base@21.0.5
j  java.util.Scanner.<init>(Ljava/io/InputStream;)V+12 java.base@21.0.5
j  Decisions.uppercase.main([Ljava/lang/String;)V+7
v  ~StubRoutines::call_stub 0x000001ddf18d100d
new  187 new  [0x000001ddf18ea6a0, 0x000001ddf18ea8a0]  512 bytes
[MachCode]
  0x000001ddf18ea6a0: 4883 ec08 | c5fa 1104 | 24eb 1f48 | 83ec 10c5 | fb11 0424 | eb14 4883 | ec10 4889 | 0424 48c7 
  0x000001ddf18ea6c0: 4424 0800 | 0000 00eb | 0150 410f | b755 010f | cac1 ea10 | 488b 4de8 | 488b 4908 | 488b 4908 
  0x000001ddf18ea6e0: 488b 4108 | 807c 1004 | 070f 85ca | 0000 0066 | 8b54 d148 | 488b 4928 | 488b 4cd1 | 0851 80b9 
  0x000001ddf18ea700: 2101 0000 | 040f 85ad | 0000 008b | 5108 f6c2 | 010f 85a1 | 0000 0049 | 8b87 b801 | 0000 488d 
  0x000001ddf18ea720: 1c10 493b | 9fc8 0100 | 000f 8789 | 0000 0049 | 899f b801 | 0000 4883 | ea10 0f84 | 0f00 0000 
  0x000001ddf18ea740: 33c9 c1ea | 0348 894c | d008 48ff | ca75 f648 | c700 0100 | 0000 5933 | f689 700c | 48c1 e903 
  0x000001ddf18ea760: 8948 0849 | bae1 3770 | 51ff 7f00 | 0041 803a | 000f 843c | 0000 0050 | 488b c848 | 83ec 2040 
  0x000001ddf18ea780: f6c4 0f0f | 8419 0000 | 0048 83ec | 0848 b870 | 0121 51ff | 7f00 00ff | d048 83c4 | 08e9 0c00 
  0x000001ddf18ea7a0: 0000 48b8 | 7001 2151 | ff7f 0000 | ffd0 4883 | c420 58e9 | cb00 0000 | 5948 8b55 | e848 8b52 
  0x000001ddf18ea7c0: 0848 8b52 | 0845 0fb7 | 4501 410f | c841 c1e8 | 10e8 0500 | 0000 e9a8 | 0000 0048 | 8d44 2408 
  0x000001ddf18ea7e0: 4c89 6dc0 | 498b cfc5 | f877 4989 | afa8 0300 | 0049 8987 | 9803 0000 | 4883 ec20 | 40f6 c40f 
  0x000001ddf18ea800: 0f84 1900 | 0000 4883 | ec08 48b8 | 9027 eb50 | ff7f 0000 | ffd0 4883 | c408 e90c | 0000 0048 
  0x000001ddf18ea820: b890 27eb | 50ff 7f00 | 00ff d048 | 83c4 2049 | c787 9803 | 0000 0000 | 0000 49c7 | 87a8 0300 
  0x000001ddf18ea840: 0000 0000 | 0049 c787 | a003 0000 | 0000 0000 | c5f8 7749 | 837f 0800 | 0f84 0500 | 0000 e99d 
  0x000001ddf18ea860: 66fe ff49 | 8b87 f003 | 0000 49c7 | 87f0 0300 | 0000 0000 | 004c 8b6d | c04c 8b75 | c84e 8d74 
  0x000001ddf18ea880: f500 c341 | 0fb6 5d03 | 4983 c503 | 49ba 10fc | 7251 ff7f | 0000 41ff | 24da 660f | 1f44 0000 
[/MachCode]

---------------  P R O C E S S  ---------------

Threads class SMR info:
_java_thread_list=0x000001dd84229a90, length=11, elements={
0x000001dddfc291c0, 0x000001dd84022160, 0x000001dd84022e60, 0x000001dd84050e40,
0x000001dd84051890, 0x000001dd8404e140, 0x000001dd84052490, 0x000001dd8407ad40,
0x000001dd8407ebf0, 0x000001dd84207670, 0x000001dd8422a170
}

Java Threads: ( => current thread )
=>0x000001dddfc291c0 JavaThread "main"                              [_thread_in_vm, id=10784, stack(0x00000083de500000,0x00000083de600000) (1024K)]
  0x000001dd84022160 JavaThread "Reference Handler"          daemon [_thread_blocked, id=21956, stack(0x00000083ded00000,0x00000083dee00000) (1024K)]
  0x000001dd84022e60 JavaThread "Finalizer"                  daemon [_thread_blocked, id=16632, stack(0x00000083dee00000,0x00000083def00000) (1024K)]
  0x000001dd84050e40 JavaThread "Signal Dispatcher"          daemon [_thread_blocked, id=9124, stack(0x00000083def00000,0x00000083df000000) (1024K)]
  0x000001dd84051890 JavaThread "Attach Listener"            daemon [_thread_blocked, id=320, stack(0x00000083df000000,0x00000083df100000) (1024K)]
  0x000001dd8404e140 JavaThread "Service Thread"             daemon [_thread_blocked, id=20552, stack(0x00000083df100000,0x00000083df200000) (1024K)]
  0x000001dd84052490 JavaThread "Monitor Deflation Thread"   daemon [_thread_blocked, id=16540, stack(0x00000083df200000,0x00000083df300000) (1024K)]
  0x000001dd8407ad40 JavaThread "C2 CompilerThread0"         daemon [_thread_in_native, id=21520, stack(0x00000083df300000,0x00000083df400000) (1024K)]
  0x000001dd8407ebf0 JavaThread "C1 CompilerThread0"         daemon [_thread_blocked, id=11248, stack(0x00000083df400000,0x00000083df500000) (1024K)]
  0x000001dd84207670 JavaThread "Notification Thread"        daemon [_thread_blocked, id=14668, stack(0x00000083df500000,0x00000083df600000) (1024K)]
  0x000001dd8422a170 JavaThread "Common-Cleaner"             daemon [_thread_blocked, id=15992, stack(0x00000083df600000,0x00000083df700000) (1024K)]
Total: 11

Other Threads:
  0x000001dddfc0c870 VMThread "VM Thread"                           [id=10224, stack(0x00000083dec00000,0x00000083ded00000) (1024K)]
  0x000001ddfe245aa0 WatcherThread "VM Periodic Task Thread"        [id=13084, stack(0x00000083deb00000,0x00000083dec00000) (1024K)]
  0x000001dddfc0d6f0 WorkerThread "GC Thread#0"                     [id=8592, stack(0x00000083de600000,0x00000083de700000) (1024K)]
  0x000001dde1f8a070 ConcurrentGCThread "G1 Main Marker"            [id=11468, stack(0x00000083de700000,0x00000083de800000) (1024K)]
  0x000001dddfc0bd90 WorkerThread "G1 Conc#0"                       [id=20372, stack(0x00000083de800000,0x00000083de900000) (1024K)]
  0x000001ddfe11c530 ConcurrentGCThread "G1 Refine#0"               [id=18864, stack(0x00000083de900000,0x00000083dea00000) (1024K)]
  0x000001ddfe11cf40 ConcurrentGCThread "G1 Service"                [id=816, stack(0x00000083dea00000,0x00000083deb00000) (1024K)]
Total: 7

Threads with active compile tasks:
C2 CompilerThread0      242  163       4       java.util.regex.Matcher::search (154 bytes)
Total: 1

VM state: not at safepoint (normal execution)

VM Mutex/Monitor currently owned by a thread:  ([mutex/lock_event])
[0x00007fff51719e18] Metaspace_lock - owner thread: 0x000001dddfc291c0

Heap address: 0x00000000a2400000, size: 1500 MB, Compressed Oops mode: 32-bit

CDS archive(s) not mapped
Compressed class space mapped at: 0x0000000100000000-0x0000000140000000, reserved size: 1073741824
Narrow klass base: 0x0000000000000000, Narrow klass shift: 3, Narrow klass range: 0x140000000

GC Precious Log:
 CardTable entry size: 512
 Card Set container configuration: InlinePtr #cards 5 size 8 Array Of Cards #cards 12 size 40 Howl #buckets 4 coarsen threshold 1843 Howl Bitmap #cards 512 size 80 coarsen threshold 460 Card regions per heap region 1 cards per card region 2048
 CPUs: 12 total, 12 available
 Memory: 5996M
 Large Page Support: Disabled
 NUMA Support: Disabled
 Compressed Oops: Enabled (32-bit)
 Heap Region Size: 1M
 Heap Min Capacity: 8M
 Heap Initial Capacity: 94M
 Heap Max Capacity: 1500M
 Pre-touch: Disabled
 Parallel Workers: 10
 Concurrent Workers: 3
 Concurrent Refinement Workers: 10
 Periodic GC: Disabled

Heap:
 garbage-first heap   total 96256K, used 1024K [0x00000000a2400000, 0x0000000100000000)
  region size 1024K, 2 young (2048K), 0 survivors (0K)
 Metaspace       used 6573K, committed 6656K, reserved 1114112K
  class space    used 507K, committed 512K, reserved 1048576K

Heap Regions: E=young(eden), S=young(survivor), O=old, HS=humongous(starts), HC=humongous(continues), CS=collection set, F=free, TAMS=top-at-mark-start, PB=parsable bottom
|   0|0x00000000a2400000, 0x00000000a2400000, 0x00000000a2500000|  0%| F|  |TAMS 0x00000000a2400000| PB 0x00000000a2400000| Untracked 
|   1|0x00000000a2500000, 0x00000000a2500000, 0x00000000a2600000|  0%| F|  |TAMS 0x00000000a2500000| PB 0x00000000a2500000| Untracked 
|   2|0x00000000a2600000, 0x00000000a2600000, 0x00000000a2700000|  0%| F|  |TAMS 0x00000000a2600000| PB 0x00000000a2600000| Untracked 
|   3|0x00000000a2700000, 0x00000000a2700000, 0x00000000a2800000|  0%| F|  |TAMS 0x00000000a2700000| PB 0x00000000a2700000| Untracked 
|   4|0x00000000a2800000, 0x00000000a2800000, 0x00000000a2900000|  0%| F|  |TAMS 0x00000000a2800000| PB 0x00000000a2800000| Untracked 
|   5|0x00000000a2900000, 0x00000000a2900000, 0x00000000a2a00000|  0%| F|  |TAMS 0x00000000a2900000| PB 0x00000000a2900000| Untracked 
|   6|0x00000000a2a00000, 0x00000000a2a00000, 0x00000000a2b00000|  0%| F|  |TAMS 0x00000000a2a00000| PB 0x00000000a2a00000| Untracked 
|   7|0x00000000a2b00000, 0x00000000a2b00000, 0x00000000a2c00000|  0%| F|  |TAMS 0x00000000a2b00000| PB 0x00000000a2b00000| Untracked 
|   8|0x00000000a2c00000, 0x00000000a2c00000, 0x00000000a2d00000|  0%| F|  |TAMS 0x00000000a2c00000| PB 0x00000000a2c00000| Untracked 
|   9|0x00000000a2d00000, 0x00000000a2d00000, 0x00000000a2e00000|  0%| F|  |TAMS 0x00000000a2d00000| PB 0x00000000a2d00000| Untracked 
|  10|0x00000000a2e00000, 0x00000000a2e00000, 0x00000000a2f00000|  0%| F|  |TAMS 0x00000000a2e00000| PB 0x00000000a2e00000| Untracked 
|  11|0x00000000a2f00000, 0x00000000a2f00000, 0x00000000a3000000|  0%| F|  |TAMS 0x00000000a2f00000| PB 0x00000000a2f00000| Untracked 
|  12|0x00000000a3000000, 0x00000000a3000000, 0x00000000a3100000|  0%| F|  |TAMS 0x00000000a3000000| PB 0x00000000a3000000| Untracked 
|  13|0x00000000a3100000, 0x00000000a3100000, 0x00000000a3200000|  0%| F|  |TAMS 0x00000000a3100000| PB 0x00000000a3100000| Untracked 
|  14|0x00000000a3200000, 0x00000000a3200000, 0x00000000a3300000|  0%| F|  |TAMS 0x00000000a3200000| PB 0x00000000a3200000| Untracked 
|  15|0x00000000a3300000, 0x00000000a3300000, 0x00000000a3400000|  0%| F|  |TAMS 0x00000000a3300000| PB 0x00000000a3300000| Untracked 
|  16|0x00000000a3400000, 0x00000000a3400000, 0x00000000a3500000|  0%| F|  |TAMS 0x00000000a3400000| PB 0x00000000a3400000| Untracked 
|  17|0x00000000a3500000, 0x00000000a3500000, 0x00000000a3600000|  0%| F|  |TAMS 0x00000000a3500000| PB 0x00000000a3500000| Untracked 
|  18|0x00000000a3600000, 0x00000000a3600000, 0x00000000a3700000|  0%| F|  |TAMS 0x00000000a3600000| PB 0x00000000a3600000| Untracked 
|  19|0x00000000a3700000, 0x00000000a3700000, 0x00000000a3800000|  0%| F|  |TAMS 0x00000000a3700000| PB 0x00000000a3700000| Untracked 
|  20|0x00000000a3800000, 0x00000000a3800000, 0x00000000a3900000|  0%| F|  |TAMS 0x00000000a3800000| PB 0x00000000a3800000| Untracked 
|  21|0x00000000a3900000, 0x00000000a3900000, 0x00000000a3a00000|  0%| F|  |TAMS 0x00000000a3900000| PB 0x00000000a3900000| Untracked 
|  22|0x00000000a3a00000, 0x00000000a3a00000, 0x00000000a3b00000|  0%| F|  |TAMS 0x00000000a3a00000| PB 0x00000000a3a00000| Untracked 
|  23|0x00000000a3b00000, 0x00000000a3b00000, 0x00000000a3c00000|  0%| F|  |TAMS 0x00000000a3b00000| PB 0x00000000a3b00000| Untracked 
|  24|0x00000000a3c00000, 0x00000000a3c00000, 0x00000000a3d00000|  0%| F|  |TAMS 0x00000000a3c00000| PB 0x00000000a3c00000| Untracked 
|  25|0x00000000a3d00000, 0x00000000a3d00000, 0x00000000a3e00000|  0%| F|  |TAMS 0x00000000a3d00000| PB 0x00000000a3d00000| Untracked 
|  26|0x00000000a3e00000, 0x00000000a3e00000, 0x00000000a3f00000|  0%| F|  |TAMS 0x00000000a3e00000| PB 0x00000000a3e00000| Untracked 
|  27|0x00000000a3f00000, 0x00000000a3f00000, 0x00000000a4000000|  0%| F|  |TAMS 0x00000000a3f00000| PB 0x00000000a3f00000| Untracked 
|  28|0x00000000a4000000, 0x00000000a4000000, 0x00000000a4100000|  0%| F|  |TAMS 0x00000000a4000000| PB 0x00000000a4000000| Untracked 
|  29|0x00000000a4100000, 0x00000000a4100000, 0x00000000a4200000|  0%| F|  |TAMS 0x00000000a4100000| PB 0x00000000a4100000| Untracked 
|  30|0x00000000a4200000, 0x00000000a4200000, 0x00000000a4300000|  0%| F|  |TAMS 0x00000000a4200000| PB 0x00000000a4200000| Untracked 
|  31|0x00000000a4300000, 0x00000000a4300000, 0x00000000a4400000|  0%| F|  |TAMS 0x00000000a4300000| PB 0x00000000a4300000| Untracked 
|  32|0x00000000a4400000, 0x00000000a4400000, 0x00000000a4500000|  0%| F|  |TAMS 0x00000000a4400000| PB 0x00000000a4400000| Untracked 
|  33|0x00000000a4500000, 0x00000000a4500000, 0x00000000a4600000|  0%| F|  |TAMS 0x00000000a4500000| PB 0x00000000a4500000| Untracked 
|  34|0x00000000a4600000, 0x00000000a4600000, 0x00000000a4700000|  0%| F|  |TAMS 0x00000000a4600000| PB 0x00000000a4600000| Untracked 
|  35|0x00000000a4700000, 0x00000000a4700000, 0x00000000a4800000|  0%| F|  |TAMS 0x00000000a4700000| PB 0x00000000a4700000| Untracked 
|  36|0x00000000a4800000, 0x00000000a4800000, 0x00000000a4900000|  0%| F|  |TAMS 0x00000000a4800000| PB 0x00000000a4800000| Untracked 
|  37|0x00000000a4900000, 0x00000000a4900000, 0x00000000a4a00000|  0%| F|  |TAMS 0x00000000a4900000| PB 0x00000000a4900000| Untracked 
|  38|0x00000000a4a00000, 0x00000000a4a00000, 0x00000000a4b00000|  0%| F|  |TAMS 0x00000000a4a00000| PB 0x00000000a4a00000| Untracked 
|  39|0x00000000a4b00000, 0x00000000a4b00000, 0x00000000a4c00000|  0%| F|  |TAMS 0x00000000a4b00000| PB 0x00000000a4b00000| Untracked 
|  40|0x00000000a4c00000, 0x00000000a4c00000, 0x00000000a4d00000|  0%| F|  |TAMS 0x00000000a4c00000| PB 0x00000000a4c00000| Untracked 
|  41|0x00000000a4d00000, 0x00000000a4d00000, 0x00000000a4e00000|  0%| F|  |TAMS 0x00000000a4d00000| PB 0x00000000a4d00000| Untracked 
|  42|0x00000000a4e00000, 0x00000000a4e00000, 0x00000000a4f00000|  0%| F|  |TAMS 0x00000000a4e00000| PB 0x00000000a4e00000| Untracked 
|  43|0x00000000a4f00000, 0x00000000a4f00000, 0x00000000a5000000|  0%| F|  |TAMS 0x00000000a4f00000| PB 0x00000000a4f00000| Untracked 
|  44|0x00000000a5000000, 0x00000000a5000000, 0x00000000a5100000|  0%| F|  |TAMS 0x00000000a5000000| PB 0x00000000a5000000| Untracked 
|  45|0x00000000a5100000, 0x00000000a5100000, 0x00000000a5200000|  0%| F|  |TAMS 0x00000000a5100000| PB 0x00000000a5100000| Untracked 
|  46|0x00000000a5200000, 0x00000000a5200000, 0x00000000a5300000|  0%| F|  |TAMS 0x00000000a5200000| PB 0x00000000a5200000| Untracked 
|  47|0x00000000a5300000, 0x00000000a5300000, 0x00000000a5400000|  0%| F|  |TAMS 0x00000000a5300000| PB 0x00000000a5300000| Untracked 
|  48|0x00000000a5400000, 0x00000000a5400000, 0x00000000a5500000|  0%| F|  |TAMS 0x00000000a5400000| PB 0x00000000a5400000| Untracked 
|  49|0x00000000a5500000, 0x00000000a5500000, 0x00000000a5600000|  0%| F|  |TAMS 0x00000000a5500000| PB 0x00000000a5500000| Untracked 
|  50|0x00000000a5600000, 0x00000000a5600000, 0x00000000a5700000|  0%| F|  |TAMS 0x00000000a5600000| PB 0x00000000a5600000| Untracked 
|  51|0x00000000a5700000, 0x00000000a5700000, 0x00000000a5800000|  0%| F|  |TAMS 0x00000000a5700000| PB 0x00000000a5700000| Untracked 
|  52|0x00000000a5800000, 0x00000000a5800000, 0x00000000a5900000|  0%| F|  |TAMS 0x00000000a5800000| PB 0x00000000a5800000| Untracked 
|  53|0x00000000a5900000, 0x00000000a5900000, 0x00000000a5a00000|  0%| F|  |TAMS 0x00000000a5900000| PB 0x00000000a5900000| Untracked 
|  54|0x00000000a5a00000, 0x00000000a5a00000, 0x00000000a5b00000|  0%| F|  |TAMS 0x00000000a5a00000| PB 0x00000000a5a00000| Untracked 
|  55|0x00000000a5b00000, 0x00000000a5b00000, 0x00000000a5c00000|  0%| F|  |TAMS 0x00000000a5b00000| PB 0x00000000a5b00000| Untracked 
|  56|0x00000000a5c00000, 0x00000000a5c00000, 0x00000000a5d00000|  0%| F|  |TAMS 0x00000000a5c00000| PB 0x00000000a5c00000| Untracked 
|  57|0x00000000a5d00000, 0x00000000a5d00000, 0x00000000a5e00000|  0%| F|  |TAMS 0x00000000a5d00000| PB 0x00000000a5d00000| Untracked 
|  58|0x00000000a5e00000, 0x00000000a5e00000, 0x00000000a5f00000|  0%| F|  |TAMS 0x00000000a5e00000| PB 0x00000000a5e00000| Untracked 
|  59|0x00000000a5f00000, 0x00000000a5f00000, 0x00000000a6000000|  0%| F|  |TAMS 0x00000000a5f00000| PB 0x00000000a5f00000| Untracked 
|  60|0x00000000a6000000, 0x00000000a6000000, 0x00000000a6100000|  0%| F|  |TAMS 0x00000000a6000000| PB 0x00000000a6000000| Untracked 
|  61|0x00000000a6100000, 0x00000000a6100000, 0x00000000a6200000|  0%| F|  |TAMS 0x00000000a6100000| PB 0x00000000a6100000| Untracked 
|  62|0x00000000a6200000, 0x00000000a6200000, 0x00000000a6300000|  0%| F|  |TAMS 0x00000000a6200000| PB 0x00000000a6200000| Untracked 
|  63|0x00000000a6300000, 0x00000000a6300000, 0x00000000a6400000|  0%| F|  |TAMS 0x00000000a6300000| PB 0x00000000a6300000| Untracked 
|  64|0x00000000a6400000, 0x00000000a6400000, 0x00000000a6500000|  0%| F|  |TAMS 0x00000000a6400000| PB 0x00000000a6400000| Untracked 
|  65|0x00000000a6500000, 0x00000000a6500000, 0x00000000a6600000|  0%| F|  |TAMS 0x00000000a6500000| PB 0x00000000a6500000| Untracked 
|  66|0x00000000a6600000, 0x00000000a6600000, 0x00000000a6700000|  0%| F|  |TAMS 0x00000000a6600000| PB 0x00000000a6600000| Untracked 
|  67|0x00000000a6700000, 0x00000000a6700000, 0x00000000a6800000|  0%| F|  |TAMS 0x00000000a6700000| PB 0x00000000a6700000| Untracked 
|  68|0x00000000a6800000, 0x00000000a6800000, 0x00000000a6900000|  0%| F|  |TAMS 0x00000000a6800000| PB 0x00000000a6800000| Untracked 
|  69|0x00000000a6900000, 0x00000000a6900000, 0x00000000a6a00000|  0%| F|  |TAMS 0x00000000a6900000| PB 0x00000000a6900000| Untracked 
|  70|0x00000000a6a00000, 0x00000000a6a00000, 0x00000000a6b00000|  0%| F|  |TAMS 0x00000000a6a00000| PB 0x00000000a6a00000| Untracked 
|  71|0x00000000a6b00000, 0x00000000a6b00000, 0x00000000a6c00000|  0%| F|  |TAMS 0x00000000a6b00000| PB 0x00000000a6b00000| Untracked 
|  72|0x00000000a6c00000, 0x00000000a6c00000, 0x00000000a6d00000|  0%| F|  |TAMS 0x00000000a6c00000| PB 0x00000000a6c00000| Untracked 
|  73|0x00000000a6d00000, 0x00000000a6d00000, 0x00000000a6e00000|  0%| F|  |TAMS 0x00000000a6d00000| PB 0x00000000a6d00000| Untracked 
|  74|0x00000000a6e00000, 0x00000000a6e00000, 0x00000000a6f00000|  0%| F|  |TAMS 0x00000000a6e00000| PB 0x00000000a6e00000| Untracked 
|  75|0x00000000a6f00000, 0x00000000a6f00000, 0x00000000a7000000|  0%| F|  |TAMS 0x00000000a6f00000| PB 0x00000000a6f00000| Untracked 
|  76|0x00000000a7000000, 0x00000000a7000000, 0x00000000a7100000|  0%| F|  |TAMS 0x00000000a7000000| PB 0x00000000a7000000| Untracked 
|  77|0x00000000a7100000, 0x00000000a7100000, 0x00000000a7200000|  0%| F|  |TAMS 0x00000000a7100000| PB 0x00000000a7100000| Untracked 
|  78|0x00000000a7200000, 0x00000000a7200000, 0x00000000a7300000|  0%| F|  |TAMS 0x00000000a7200000| PB 0x00000000a7200000| Untracked 
|  79|0x00000000a7300000, 0x00000000a7300000, 0x00000000a7400000|  0%| F|  |TAMS 0x00000000a7300000| PB 0x00000000a7300000| Untracked 
|  80|0x00000000a7400000, 0x00000000a7400000, 0x00000000a7500000|  0%| F|  |TAMS 0x00000000a7400000| PB 0x00000000a7400000| Untracked 
|  81|0x00000000a7500000, 0x00000000a7500000, 0x00000000a7600000|  0%| F|  |TAMS 0x00000000a7500000| PB 0x00000000a7500000| Untracked 
|  82|0x00000000a7600000, 0x00000000a7600000, 0x00000000a7700000|  0%| F|  |TAMS 0x00000000a7600000| PB 0x00000000a7600000| Untracked 
|  83|0x00000000a7700000, 0x00000000a7700000, 0x00000000a7800000|  0%| F|  |TAMS 0x00000000a7700000| PB 0x00000000a7700000| Untracked 
|  84|0x00000000a7800000, 0x00000000a7800000, 0x00000000a7900000|  0%| F|  |TAMS 0x00000000a7800000| PB 0x00000000a7800000| Untracked 
|  85|0x00000000a7900000, 0x00000000a7900000, 0x00000000a7a00000|  0%| F|  |TAMS 0x00000000a7900000| PB 0x00000000a7900000| Untracked 
|  86|0x00000000a7a00000, 0x00000000a7a00000, 0x00000000a7b00000|  0%| F|  |TAMS 0x00000000a7a00000| PB 0x00000000a7a00000| Untracked 
|  87|0x00000000a7b00000, 0x00000000a7b00000, 0x00000000a7c00000|  0%| F|  |TAMS 0x00000000a7b00000| PB 0x00000000a7b00000| Untracked 
|  88|0x00000000a7c00000, 0x00000000a7c00000, 0x00000000a7d00000|  0%| F|  |TAMS 0x00000000a7c00000| PB 0x00000000a7c00000| Untracked 
|  89|0x00000000a7d00000, 0x00000000a7d00000, 0x00000000a7e00000|  0%| F|  |TAMS 0x00000000a7d00000| PB 0x00000000a7d00000| Untracked 
|  90|0x00000000a7e00000, 0x00000000a7e00000, 0x00000000a7f00000|  0%| F|  |TAMS 0x00000000a7e00000| PB 0x00000000a7e00000| Untracked 
|  91|0x00000000a7f00000, 0x00000000a7f00000, 0x00000000a8000000|  0%| F|  |TAMS 0x00000000a7f00000| PB 0x00000000a7f00000| Untracked 
|  92|0x00000000a8000000, 0x00000000a8100000, 0x00000000a8100000|100%| E|  |TAMS 0x00000000a8000000| PB 0x00000000a8000000| Complete 
|  93|0x00000000a8100000, 0x00000000a8200000, 0x00000000a8200000|100%| E|CS|TAMS 0x00000000a8100000| PB 0x00000000a8100000| Complete 

Card table byte_map: [0x000001ddf9be0000,0x000001ddf9ed0000] _byte_map_base: 0x000001ddf96ce000

Marking Bits: (CMBitMap*) 0x000001dde1f601a0
 Bits: [0x000001ddf9ed0000, 0x000001ddfb640000)

Polling page: 0x000001dddfed0000

Metaspace:

Usage:
  Non-class:      5.92 MB used.
      Class:    507.23 KB used.
       Both:      6.42 MB used.

Virtual space:
  Non-class space:       64.00 MB reserved,       6.00 MB (  9%) committed,  1 nodes.
      Class space:        1.00 GB reserved,     512.00 KB ( <1%) committed,  1 nodes.
             Both:        1.06 GB reserved,       6.50 MB ( <1%) committed. 

Chunk freelists:
   Non-Class:  10.05 MB
       Class:  15.25 MB
        Both:  25.30 MB

MaxMetaspaceSize: unlimited
CompressedClassSpaceSize: 1.00 GB
Initial GC threshold: 21.00 MB
Current GC threshold: 21.00 MB
CDS: off
 - commit_granule_bytes: 65536.
 - commit_granule_words: 8192.
 - virtual_space_node_default_size: 8388608.
 - enlarge_chunks_in_place: 1.
 - use_allocation_guard: 0.


Internal statistics:

num_allocs_failed_limit: 0.
num_arena_births: 8.
num_arena_deaths: 0.
num_vsnodes_births: 2.
num_vsnodes_deaths: 0.
num_space_committed: 104.
num_space_uncommitted: 0.
num_chunks_returned_to_freelist: 0.
num_chunks_taken_from_freelist: 20.
num_chunk_merges: 0.
num_chunk_splits: 6.
num_chunks_enlarged: 1.
num_inconsistent_stats: 0.

CodeHeap 'non-profiled nmethods': size=120000Kb used=51Kb max_used=51Kb free=119948Kb
 bounds [0x000001ddf1e70000, 0x000001ddf20e0000, 0x000001ddf93a0000]
CodeHeap 'profiled nmethods': size=120000Kb used=167Kb max_used=167Kb free=119832Kb
 bounds [0x000001ddea3a0000, 0x000001ddea610000, 0x000001ddf18d0000]
CodeHeap 'non-nmethods': size=5760Kb used=1252Kb max_used=1265Kb free=4507Kb
 bounds [0x000001ddf18d0000, 0x000001ddf1b40000, 0x000001ddf1e70000]
 total_blobs=538 nmethods=163 adapters=280
 compilation: enabled
              stopped_count=0, restarted_count=0
 full_count=0

Compilation events (20 events):
Event: 0.210 Thread 0x000001dd8407ebf0  153       3       java.util.ArrayList::add (25 bytes)
Event: 0.210 Thread 0x000001dd8407ad40 nmethod 161 0x000001ddf1e7cc10 code [0x000001ddf1e7cd80, 0x000001ddf1e7ce18]
Event: 0.210 Thread 0x000001dd8407ad40  163       4       java.util.regex.Matcher::search (154 bytes)
Event: 0.211 Thread 0x000001dd8407ebf0 nmethod 153 0x000001ddea3c6690 code [0x000001ddea3c6860, 0x000001ddea3c6c68]
Event: 0.211 Thread 0x000001dd8407ebf0  154       3       java.util.ArrayList::add (23 bytes)
Event: 0.211 Thread 0x000001dd8407ebf0 nmethod 154 0x000001ddea3c6e10 code [0x000001ddea3c6fe0, 0x000001ddea3c7370]
Event: 0.211 Thread 0x000001dd8407ebf0  155       3       java.util.regex.Matcher::start (9 bytes)
Event: 0.211 Thread 0x000001dd8407ebf0 nmethod 155 0x000001ddea3c7510 code [0x000001ddea3c76e0, 0x000001ddea3c79d8]
Event: 0.211 Thread 0x000001dd8407ebf0  156       3       java.util.regex.Matcher::end (9 bytes)
Event: 0.211 Thread 0x000001dd8407ebf0 nmethod 156 0x000001ddea3c7b10 code [0x000001ddea3c7ce0, 0x000001ddea3c7fd8]
Event: 0.211 Thread 0x000001dd8407ebf0  157       3       java.util.regex.Matcher::find (69 bytes)
Event: 0.211 Thread 0x000001dd8407ebf0 nmethod 157 0x000001ddea3c8110 code [0x000001ddea3c82c0, 0x000001ddea3c85a8]
Event: 0.211 Thread 0x000001dd8407ebf0  160       3       java.lang.String::subSequence (7 bytes)
Event: 0.212 Thread 0x000001dd8407ebf0 nmethod 160 0x000001ddea3c8690 code [0x000001ddea3c8840, 0x000001ddea3c8978]
Event: 0.212 Thread 0x000001dd8407ebf0  159       3       java.util.regex.Pattern$LastNode::match (45 bytes)
Event: 0.212 Thread 0x000001dd8407ebf0 nmethod 159 0x000001ddea3c8a10 code [0x000001ddea3c8bc0, 0x000001ddea3c8dd0]
Event: 0.214 Thread 0x000001dd8407ebf0  164       3       java.lang.StringBuilder::append (8 bytes)
Event: 0.214 Thread 0x000001dd8407ebf0 nmethod 164 0x000001ddea3c8f10 code [0x000001ddea3c90c0, 0x000001ddea3c9210]
Event: 0.214 Thread 0x000001dd8407ebf0  165       3       java.lang.AbstractStringBuilder::append (77 bytes)
Event: 0.214 Thread 0x000001dd8407ebf0 nmethod 165 0x000001ddea3c9290 code [0x000001ddea3c94a0, 0x000001ddea3c9b80]

GC Heap History (0 events):
No events

Dll operation events (3 events):
Event: 0.009 Loaded shared library C:\Program Files\Java\jdk-21\bin\java.dll
Event: 0.101 Loaded shared library C:\Program Files\Java\jdk-21\bin\jsvml.dll
Event: 0.198 Loaded shared library C:\Program Files\Java\jdk-21\bin\jimage.dll

Deoptimization events (0 events):
No events

Classes loaded (20 events):
Event: 0.212 Loading class java/util/Collections$EmptyIterator done
Event: 0.212 Loading class sun/util/locale/provider/CalendarDataUtility
Event: 0.212 Loading class sun/util/locale/provider/CalendarDataUtility done
Event: 0.212 Loading class java/util/Locale$Builder
Event: 0.212 Loading class java/util/Locale$Builder done
Event: 0.212 Loading class sun/util/locale/provider/LocaleResources
Event: 0.213 Loading class sun/util/locale/provider/LocaleResources done
Event: 0.213 Loading class java/util/regex/ASCII
Event: 0.213 Loading class java/util/regex/ASCII done
Event: 0.213 Loading class java/util/regex/Pattern$GroupTail
Event: 0.213 Loading class java/util/regex/Pattern$GroupTail done
Event: 0.213 Loading class java/util/regex/Pattern$Curly
Event: 0.213 Loading class java/util/regex/Pattern$Curly done
Event: 0.214 Loading class sun/util/resources/LocaleData
Event: 0.214 Loading class sun/util/resources/LocaleData done
Event: 0.214 Loading class java/util/ResourceBundle$Control
Event: 0.214 Loading class java/util/ResourceBundle$Control done
Event: 0.214 Loading class java/util/ResourceBundle
Event: 0.215 Loading class java/util/ResourceBundle done
Event: 0.215 Loading class java/util/ResourceBundle$Control$CandidateListCache

Classes unloaded (0 events):
No events

Classes redefined (0 events):
No events

Internal exceptions (0 events):
No events

ZGC Phase Switch (0 events):
No events

VM Operations (0 events):
No events

Events (11 events):
Event: 0.021 Thread 0x000001dddfc291c0 Thread added: 0x000001dddfc291c0
Event: 0.098 Thread 0x000001dd84022160 Thread added: 0x000001dd84022160
Event: 0.098 Thread 0x000001dd84022e60 Thread added: 0x000001dd84022e60
Event: 0.100 Thread 0x000001dd84050e40 Thread added: 0x000001dd84050e40
Event: 0.100 Thread 0x000001dd84051890 Thread added: 0x000001dd84051890
Event: 0.100 Thread 0x000001dd8404e140 Thread added: 0x000001dd8404e140
Event: 0.100 Thread 0x000001dd84052490 Thread added: 0x000001dd84052490
Event: 0.100 Thread 0x000001dd8407ad40 Thread added: 0x000001dd8407ad40
Event: 0.100 Thread 0x000001dd8407ebf0 Thread added: 0x000001dd8407ebf0
Event: 0.138 Thread 0x000001dd84207670 Thread added: 0x000001dd84207670
Event: 0.146 Thread 0x000001dd8422a170 Thread added: 0x000001dd8422a170


Dynamic libraries:
0x00007ff685c10000 - 0x00007ff685c20000 	C:\Program Files\Java\jdk-21\bin\javaw.exe
0x00007fffe6cd0000 - 0x00007fffe6ee7000 	C:\WINDOWS\SYSTEM32\ntdll.dll
0x00007fffe55f0000 - 0x00007fffe56b4000 	C:\WINDOWS\System32\KERNEL32.DLL
0x00007fffe4200000 - 0x00007fffe45ba000 	C:\WINDOWS\System32\KERNELBASE.dll
0x00007fffe45c0000 - 0x00007fffe46d1000 	C:\WINDOWS\System32\ucrtbase.dll
0x00007fff78a50000 - 0x00007fff78a6b000 	C:\Program Files\Java\jdk-21\bin\VCRUNTIME140.dll
0x00007fff580f0000 - 0x00007fff58109000 	C:\Program Files\Java\jdk-21\bin\jli.dll
0x00007fffe4b80000 - 0x00007fffe4c32000 	C:\WINDOWS\System32\ADVAPI32.dll
0x00007fffe4a50000 - 0x00007fffe4af7000 	C:\WINDOWS\System32\msvcrt.dll
0x00007fffe4ec0000 - 0x00007fffe4f67000 	C:\WINDOWS\System32\sechost.dll
0x00007fffe4920000 - 0x00007fffe4948000 	C:\WINDOWS\System32\bcrypt.dll
0x00007fffe4c40000 - 0x00007fffe4d54000 	C:\WINDOWS\System32\RPCRT4.dll
0x00007fffe53f0000 - 0x00007fffe559e000 	C:\WINDOWS\System32\USER32.dll
0x00007fffd4440000 - 0x00007fffd46d2000 	C:\WINDOWS\WinSxS\amd64_microsoft.windows.common-controls_6595b64144ccf1df_6.0.22621.4541_none_2710d1c57384c085\COMCTL32.dll
0x00007fffe3fa0000 - 0x00007fffe3fc6000 	C:\WINDOWS\System32\win32u.dll
0x00007fffe6540000 - 0x00007fffe6569000 	C:\WINDOWS\System32\GDI32.dll
0x00007fffe4800000 - 0x00007fffe491b000 	C:\WINDOWS\System32\gdi32full.dll
0x00007fffe46e0000 - 0x00007fffe477a000 	C:\WINDOWS\System32\msvcp_win.dll
0x00007fffdc350000 - 0x00007fffdc35a000 	C:\WINDOWS\SYSTEM32\VERSION.dll
0x00007fffe4dc0000 - 0x00007fffe4df1000 	C:\WINDOWS\System32\IMM32.DLL
0x00007fffa06d0000 - 0x00007fffa06dc000 	C:\Program Files\Java\jdk-21\bin\vcruntime140_1.dll
0x00007fff53a80000 - 0x00007fff53b0e000 	C:\Program Files\Java\jdk-21\bin\msvcp140.dll
0x00007fff50ae0000 - 0x00007fff517f8000 	C:\Program Files\Java\jdk-21\bin\server\jvm.dll
0x00007fffe4b00000 - 0x00007fffe4b71000 	C:\WINDOWS\System32\WS2_32.dll
0x00007fffe3e70000 - 0x00007fffe3ebd000 	C:\WINDOWS\SYSTEM32\POWRPROF.dll
0x00007fffdd930000 - 0x00007fffdd964000 	C:\WINDOWS\SYSTEM32\WINMM.dll
0x00007fffe3e50000 - 0x00007fffe3e63000 	C:\WINDOWS\SYSTEM32\UMPDC.dll
0x00007fffe2fa0000 - 0x00007fffe2fb8000 	C:\WINDOWS\SYSTEM32\kernel.appcore.dll
0x00007fff9a300000 - 0x00007fff9a30a000 	C:\Program Files\Java\jdk-21\bin\jimage.dll
0x00007fffe1950000 - 0x00007fffe1b82000 	C:\WINDOWS\SYSTEM32\DBGHELP.DLL
0x00007fffe6740000 - 0x00007fffe6acf000 	C:\WINDOWS\System32\combase.dll
0x00007fffe6ad0000 - 0x00007fffe6ba7000 	C:\WINDOWS\System32\OLEAUT32.dll
0x00007fffbcbb0000 - 0x00007fffbcbe2000 	C:\WINDOWS\SYSTEM32\dbgcore.DLL
0x00007fffe4950000 - 0x00007fffe49cb000 	C:\WINDOWS\System32\bcryptPrimitives.dll
0x00007fff58030000 - 0x00007fff5804f000 	C:\Program Files\Java\jdk-21\bin\java.dll
0x00007fffe5cc0000 - 0x00007fffe6538000 	C:\WINDOWS\System32\SHELL32.dll
0x00007fffe1e90000 - 0x00007fffe2798000 	C:\WINDOWS\SYSTEM32\windows.storage.dll
0x00007fffe1d50000 - 0x00007fffe1e8f000 	C:\WINDOWS\SYSTEM32\wintypes.dll
0x00007fffe50d0000 - 0x00007fffe51ca000 	C:\WINDOWS\System32\SHCORE.dll
0x00007fffe4d60000 - 0x00007fffe4dbe000 	C:\WINDOWS\System32\shlwapi.dll
0x00007fffe3ed0000 - 0x00007fffe3efb000 	C:\WINDOWS\SYSTEM32\profapi.dll
0x00007fff539a0000 - 0x00007fff53a77000 	C:\Program Files\Java\jdk-21\bin\jsvml.dll

dbghelp: loaded successfully - version: 4.0.5 - missing functions: none
symbol engine: initialized successfully - sym options: 0x614 - pdb path: .;C:\Program Files\Java\jdk-21\bin;C:\WINDOWS\SYSTEM32;C:\WINDOWS\WinSxS\amd64_microsoft.windows.common-controls_6595b64144ccf1df_6.0.22621.4541_none_2710d1c57384c085;C:\Program Files\Java\jdk-21\bin\server

VM Arguments:
jvm_args: -Dfile.encoding=UTF-8 -Dstdout.encoding=UTF-8 -Dstderr.encoding=UTF-8 -XX:+ShowCodeDetailsInExceptionMessages 
java_command: Decisions.uppercase
java_class_path (initial): D:\Java eclipse\Java_programming\bin
Launcher Type: SUN_STANDARD

[Global flags]
     intx CICompilerCount                          = 4                                         {product} {ergonomic}
     uint ConcGCThreads                            = 3                                         {product} {ergonomic}
     uint G1ConcRefinementThreads                  = 10                                        {product} {ergonomic}
   size_t G1HeapRegionSize                         = 1048576                                   {product} {ergonomic}
    uintx GCDrainStackTargetSize                   = 64                                        {product} {ergonomic}
   size_t InitialHeapSize                          = 98566144                                  {product} {ergonomic}
   size_t MarkStackSize                            = 4194304                                   {product} {ergonomic}
   size_t MaxHeapSize                              = 1572864000                                {product} {ergonomic}
   size_t MaxNewSize                               = 943718400                                 {product} {ergonomic}
   size_t MinHeapDeltaBytes                        = 1048576                                   {product} {ergonomic}
   size_t MinHeapSize                              = 8388608                                   {product} {ergonomic}
    uintx NonNMethodCodeHeapSize                   = 5839372                                {pd product} {ergonomic}
    uintx NonProfiledCodeHeapSize                  = 122909434                              {pd product} {ergonomic}
    uintx ProfiledCodeHeapSize                     = 122909434                              {pd product} {ergonomic}
    uintx ReservedCodeCacheSize                    = 251658240                              {pd product} {ergonomic}
     bool SegmentedCodeCache                       = true                                      {product} {ergonomic}
     bool ShowCodeDetailsInExceptionMessages       = true                                   {manageable} {command line}
   size_t SoftMaxHeapSize                          = 1572864000                             {manageable} {ergonomic}
     bool UseCompressedOops                        = true                           {product lp64_product} {ergonomic}
     bool UseG1GC                                  = true                                      {product} {ergonomic}
     bool UseLargePagesIndividualAllocation        = false                                  {pd product} {ergonomic}

Logging:
Log output configuration:
 #0: stdout all=warning uptime,level,tags foldmultilines=false
 #1: stderr all=off uptime,level,tags foldmultilines=false

Environment Variables:
PATH=C:\Program Files\Common Files\Oracle\Java\javapath;C:\Windows\system32;C:\Windows;C:\Windows\System32\Wbem;C:\Windows\System32\WindowsPowerShell\v1.0\;C:\Windows\System32\OpenSSH\;C:\Program Files (x86)\NVIDIA Corporation\PhysX\Common;C:\Program Files\NVIDIA Corporation\NVIDIA NvDLISR;C:\WINDOWS\system32;C:\WINDOWS;C:\WINDOWS\System32\Wbem;C:\WINDOWS\System32\WindowsPowerShell\v1.0\;C:\WINDOWS\System32\OpenSSH\;D:\Drivers\Matlab\R2024b\runtime\win64;D:\Drivers\matlab2\runtime\win64;D:\Drivers\matlab2\bin;D:\Drivers\Python\Scripts\;D:\Drivers\Python\;C:\Users\Sanjay\AppData\Local\Microsoft\WindowsApps;D:\Drivers\Microsoft VS Code\bin
USERNAME=Sanjay
OS=Windows_NT
PROCESSOR_IDENTIFIER=AMD64 Family 25 Model 80 Stepping 0, AuthenticAMD
TMP=C:\Users\Sanjay\AppData\Local\Temp
TEMP=C:\Users\Sanjay\AppData\Local\Temp




Periodic native trim disabled

---------------  S Y S T E M  ---------------

OS:
 Windows 11 , 64 bit Build 22621 (10.0.22621.4391)
OS uptime: 1 days 5:33 hours
Hyper-V role detected

CPU: total 12 (initial active 12) (12 cores per cpu, 2 threads per core) family 25 model 80 stepping 0 microcode 0x0, cx8, cmov, fxsr, ht, mmx, 3dnowpref, sse, sse2, sse3, ssse3, sse4a, sse4.1, sse4.2, popcnt, lzcnt, tsc, tscinvbit, avx, avx2, aes, erms, clmul, bmi1, bmi2, adx, sha, fma, vzeroupper, clflush, clflushopt, hv, rdtscp, rdpid, fsrm, f16c, cet_ss
Processor Information for processor 0
  Max Mhz: 3301, Current Mhz: 1805, Mhz Limit: 3301
Processor Information for processor 1
  Max Mhz: 3301, Current Mhz: 3301, Mhz Limit: 3301
Processor Information for processor 2
  Max Mhz: 3301, Current Mhz: 1805, Mhz Limit: 3301
Processor Information for processor 3
  Max Mhz: 3301, Current Mhz: 3301, Mhz Limit: 3301
Processor Information for processor 4
  Max Mhz: 3301, Current Mhz: 1805, Mhz Limit: 3301
Processor Information for processor 5
  Max Mhz: 3301, Current Mhz: 3301, Mhz Limit: 3301
Processor Information for processor 6
  Max Mhz: 3301, Current Mhz: 1805, Mhz Limit: 3301
Processor Information for processor 7
  Max Mhz: 3301, Current Mhz: 1805, Mhz Limit: 3301
Processor Information for processor 8
  Max Mhz: 3301, Current Mhz: 1805, Mhz Limit: 3301
Processor Information for processor 9
  Max Mhz: 3301, Current Mhz: 1805, Mhz Limit: 3301
Processor Information for processor 10
  Max Mhz: 3301, Current Mhz: 1805, Mhz Limit: 3301
Processor Information for processor 11
  Max Mhz: 3301, Current Mhz: 1805, Mhz Limit: 3301

Memory: 4k page, system-wide physical 5996M (297M free)
TotalPageFile size 12140M (AvailPageFile size 0M)
current process WorkingSet (physical memory assigned to process): 32M, peak: 32M
current process commit charge ("private bytes"): 174M, peak: 174M

vm_info: Java HotSpot(TM) 64-Bit Server VM (21.0.5+9-LTS-239) for windows-amd64 JRE (21.0.5+9-LTS-239), built on 2024-09-30T05:17:38Z by "mach5one" with MS VC++ 17.6 (VS2022)

END.
