#
# There is insufficient memory for the Java Runtime Environment to continue.
# Native memory allocation (mmap) failed to map 98566144 bytes for G1 virtual space
# Possible reasons:
#   The system is out of physical RAM or swap space
#   The process is running with CompressedOops enabled, and the Java Heap may be blocking the growth of the native heap
# Possible solutions:
#   Reduce memory load on the system
#   Increase physical memory or swap space
#   Check if swap backing store is full
#   Decrease Java heap size (-Xmx/-Xms)
#   Decrease number of Java threads
#   Decrease Java thread stack sizes (-Xss)
#   Set larger code cache with -XX:ReservedCodeCacheSize=
#   JVM is running with Unscaled Compressed Oops mode in which the Java heap is
#     placed in the first 4GB address space. The Java Heap base address is the
#     maximum limit for the native heap growth. Please use -XX:HeapBaseMinAddress
#     to set the Java Heap base and to place the Java Heap above 4GB virtual address.
# This output file may be truncated or incomplete.
#
#  Out of Memory Error (os_windows.cpp:3600), pid=7072, tid=14612
#
# JRE version:  (21.0.5+9) (build )
# Java VM: Java HotSpot(TM) 64-Bit Server VM (21.0.5+9-LTS-239, mixed mode, sharing, tiered, compressed oops, compressed class ptrs, g1 gc, windows-amd64)
# No core dump will be written. Minidumps are not enabled by default on client versions of Windows
#

---------------  S U M M A R Y ------------

Command Line: -XX:+ShowCodeDetailsInExceptionMessages -agentlib:jdwp=transport=dt_socket,suspend=y,address=localhost:59917 -javaagent:C:\Users\Sanjay\eclipse\jee-2024-092\eclipse\configuration\org.eclipse.osgi\446\0\.cp\lib\javaagent-shaded.jar -Dfile.encoding=UTF-8 -Dstdout.encoding=UTF-8 -Dstderr.encoding=UTF-8 jan4.rough

Host: AMD Ryzen 5 5600H with Radeon Graphics         , 12 cores, 5G,  Windows 11 , 64 bit Build 22621 (10.0.22621.4391)
Time: Mon Jan  6 15:03:59 2025 India Standard Time elapsed time: 0.080558 seconds (0d 0h 0m 0s)

---------------  T H R E A D  ---------------

Current thread (0x00000126bdc2f770):  JavaThread "Unknown thread" [_thread_in_vm, id=14612, stack(0x00000025b5500000,0x00000025b5600000) (1024K)]

Stack: [0x00000025b5500000,0x00000025b5600000]
Native frames: (J=compiled Java code, j=interpreted, Vv=VM code, C=native code)
V  [jvm.dll+0x6ca289]
V  [jvm.dll+0x854a51]
V  [jvm.dll+0x856f7e]
V  [jvm.dll+0x857653]
V  [jvm.dll+0x27dd26]
V  [jvm.dll+0x6c6a25]
V  [jvm.dll+0x6bb5aa]
V  [jvm.dll+0x35359a]
V  [jvm.dll+0x35b1f6]
V  [jvm.dll+0x3adade]
V  [jvm.dll+0x3add88]
V  [jvm.dll+0x3278fc]
V  [jvm.dll+0x32845b]
V  [jvm.dll+0x81de19]
V  [jvm.dll+0x3ba7c1]
V  [jvm.dll+0x807168]
V  [jvm.dll+0x44f96e]
V  [jvm.dll+0x451561]
C  [jli.dll+0x52a3]
C  [ucrtbase.dll+0x29333]
C  [KERNEL32.DLL+0x1259d]
C  [ntdll.dll+0x5af38]


---------------  P R O C E S S  ---------------

Threads class SMR info:
_java_thread_list=0x00007ffd6339ac08, length=0, elements={
}

Java Threads: ( => current thread )
Total: 0

Other Threads:
  0x00000126bfe1d810 WorkerThread "GC Thread#0"                     [id=23136, stack(0x00000025b5600000,0x00000025b5700000) (1024K)]
  0x00000126bfe2b3e0 ConcurrentGCThread "G1 Main Marker"            [id=8900, stack(0x00000025b5700000,0x00000025b5800000) (1024K)]
  0x00000126bfe2bdf0 WorkerThread "G1 Conc#0"                       [id=9876, stack(0x00000025b5800000,0x00000025b5900000) (1024K)]

[error occurred during error reporting (printing all threads), id 0xc0000005, EXCEPTION_ACCESS_VIOLATION (0xc0000005) at pc=0x00007ffd62b0a087]
VM state: not at safepoint (not fully initialized)

VM Mutex/Monitor currently owned by a thread:  ([mutex/lock_event])
[0x00007ffd6340bf98] Heap_lock - owner thread: 0x00000126bdc2f770

Heap address: 0x00000000a2400000, size: 1500 MB, Compressed Oops mode: 32-bit

CDS archive(s) mapped at: [0x0000000000000000-0x0000000000000000-0x0000000000000000), size 0, SharedBaseAddress: 0x0000000800000000, ArchiveRelocationMode: 1.
Narrow klass base: 0x0000000000000000, Narrow klass shift: 0, Narrow klass range: 0x0

GC Precious Log:
 CardTable entry size: 512
 Card Set container configuration: InlinePtr #cards 5 size 8 Array Of Cards #cards 12 size 40 Howl #buckets 4 coarsen threshold 1843 Howl Bitmap #cards 512 size 80 coarsen threshold 460 Card regions per heap region 1 cards per card region 2048

Heap:
 garbage-first heap   total 0K, used 0K [0x00000000a2400000, 0x0000000100000000)
  region size 1024K, 0 young (0K), 0 survivors (0K)

[error occurred during error reporting (printing heap information), id 0xc0000005, EXCEPTION_ACCESS_VIOLATION (0xc0000005) at pc=0x00007ffd62ef3259]
GC Heap History (0 events):
No events

Dll operation events (1 events):
Event: 0.009 Loaded shared library C:\Program Files\Java\jdk-21\bin\java.dll

Deoptimization events (0 events):
No events

Classes loaded (0 events):
No events

Classes unloaded (0 events):
No events

Classes redefined (0 events):
No events

Internal exceptions (0 events):
No events

ZGC Phase Switch (0 events):
No events

VM Operations (0 events):
No events

Events (0 events):
No events


Dynamic libraries:
0x00007ff6f46e0000 - 0x00007ff6f46f0000 	C:\Program Files\Java\jdk-21\bin\javaw.exe
0x00007ffdffd90000 - 0x00007ffdfffa7000 	C:\WINDOWS\SYSTEM32\ntdll.dll
0x00007ffdfeb50000 - 0x00007ffdfec14000 	C:\WINDOWS\System32\KERNEL32.DLL
0x00007ffdfd060000 - 0x00007ffdfd41a000 	C:\WINDOWS\System32\KERNELBASE.dll
0x00007ffdfd940000 - 0x00007ffdfda51000 	C:\WINDOWS\System32\ucrtbase.dll
0x00007ffdf9930000 - 0x00007ffdf994b000 	C:\Program Files\Java\jdk-21\bin\VCRUNTIME140.dll
0x00007ffdea8b0000 - 0x00007ffdea8c9000 	C:\Program Files\Java\jdk-21\bin\jli.dll
0x00007ffdfec80000 - 0x00007ffdfed32000 	C:\WINDOWS\System32\ADVAPI32.dll
0x00007ffdfda90000 - 0x00007ffdfdb37000 	C:\WINDOWS\System32\msvcrt.dll
0x00007ffdfeeb0000 - 0x00007ffdfef57000 	C:\WINDOWS\System32\sechost.dll
0x00007ffdfd610000 - 0x00007ffdfd638000 	C:\WINDOWS\System32\bcrypt.dll
0x00007ffdfef80000 - 0x00007ffdff094000 	C:\WINDOWS\System32\RPCRT4.dll
0x00007ffdfe0e0000 - 0x00007ffdfe28e000 	C:\WINDOWS\System32\USER32.dll
0x00007ffded170000 - 0x00007ffded402000 	C:\WINDOWS\WinSxS\amd64_microsoft.windows.common-controls_6595b64144ccf1df_6.0.22621.4541_none_2710d1c57384c085\COMCTL32.dll
0x00007ffdfda60000 - 0x00007ffdfda86000 	C:\WINDOWS\System32\win32u.dll
0x00007ffdfeb10000 - 0x00007ffdfeb39000 	C:\WINDOWS\System32\GDI32.dll
0x00007ffdfd780000 - 0x00007ffdfd89b000 	C:\WINDOWS\System32\gdi32full.dll
0x00007ffdfd8a0000 - 0x00007ffdfd93a000 	C:\WINDOWS\System32\msvcp_win.dll
0x00007ffdf4d90000 - 0x00007ffdf4d9a000 	C:\WINDOWS\SYSTEM32\VERSION.dll
0x00007ffdff340000 - 0x00007ffdff371000 	C:\WINDOWS\System32\IMM32.DLL
0x00007ffdd4b80000 - 0x00007ffdd4b8c000 	C:\Program Files\Java\jdk-21\bin\vcruntime140_1.dll
0x00007ffd7b860000 - 0x00007ffd7b8ee000 	C:\Program Files\Java\jdk-21\bin\msvcp140.dll
0x00007ffd627d0000 - 0x00007ffd634e8000 	C:\Program Files\Java\jdk-21\bin\server\jvm.dll
0x00007ffdfdb40000 - 0x00007ffdfdbb1000 	C:\WINDOWS\System32\WS2_32.dll
0x00007ffdfcf30000 - 0x00007ffdfcf7d000 	C:\WINDOWS\SYSTEM32\POWRPROF.dll
0x00007ffdf6bd0000 - 0x00007ffdf6c04000 	C:\WINDOWS\SYSTEM32\WINMM.dll
0x00007ffdfcf10000 - 0x00007ffdfcf23000 	C:\WINDOWS\SYSTEM32\UMPDC.dll
0x00007ffdfc060000 - 0x00007ffdfc078000 	C:\WINDOWS\SYSTEM32\kernel.appcore.dll
0x00007ffdd4b70000 - 0x00007ffdd4b7a000 	C:\Program Files\Java\jdk-21\bin\jimage.dll
0x00007ffdfa760000 - 0x00007ffdfa992000 	C:\WINDOWS\SYSTEM32\DBGHELP.DLL
0x00007ffdfdc50000 - 0x00007ffdfdfdf000 	C:\WINDOWS\System32\combase.dll
0x00007ffdff490000 - 0x00007ffdff567000 	C:\WINDOWS\System32\OLEAUT32.dll
0x00007ffdd4660000 - 0x00007ffdd4692000 	C:\WINDOWS\SYSTEM32\dbgcore.DLL
0x00007ffdfd700000 - 0x00007ffdfd77b000 	C:\WINDOWS\System32\bcryptPrimitives.dll
0x00007ffde9a40000 - 0x00007ffde9a7c000 	C:\Program Files\Java\jdk-21\bin\jdwp.dll
0x00007ffdf9920000 - 0x00007ffdf992f000 	C:\Program Files\Java\jdk-21\bin\instrument.dll
0x00007ffdd0670000 - 0x00007ffdd068f000 	C:\Program Files\Java\jdk-21\bin\java.dll

dbghelp: loaded successfully - version: 4.0.5 - missing functions: none
symbol engine: initialized successfully - sym options: 0x614 - pdb path: .;C:\Program Files\Java\jdk-21\bin;C:\WINDOWS\SYSTEM32;C:\WINDOWS\WinSxS\amd64_microsoft.windows.common-controls_6595b64144ccf1df_6.0.22621.4541_none_2710d1c57384c085;C:\Program Files\Java\jdk-21\bin\server

VM Arguments:
jvm_args: -XX:+ShowCodeDetailsInExceptionMessages -agentlib:jdwp=transport=dt_socket,suspend=y,address=localhost:59917 -javaagent:C:\Users\Sanjay\eclipse\jee-2024-092\eclipse\configuration\org.eclipse.osgi\446\0\.cp\lib\javaagent-shaded.jar -Dfile.encoding=UTF-8 -Dstdout.encoding=UTF-8 -Dstderr.encoding=UTF-8 
java_command: jan4.rough
java_class_path (initial): D:\Java eclipse\Java_programming\bin
Launcher Type: SUN_STANDARD

[Global flags]
     intx CICompilerCount                          = 4                                         {product} {ergonomic}
     uint ConcGCThreads                            = 3                                         {product} {ergonomic}
     uint G1ConcRefinementThreads                  = 10                                        {product} {ergonomic}
   size_t G1HeapRegionSize                         = 1048576                                   {product} {ergonomic}
    uintx GCDrainStackTargetSize                   = 64                                        {product} {ergonomic}
   size_t InitialHeapSize                          = 98566144                                  {product} {ergonomic}
   size_t MarkStackSize                            = 4194304                                   {product} {ergonomic}
   size_t MaxHeapSize                              = 1572864000                                {product} {ergonomic}
   size_t MinHeapDeltaBytes                        = 1048576                                   {product} {ergonomic}
   size_t MinHeapSize                              = 8388608                                   {product} {ergonomic}
    uintx NonNMethodCodeHeapSize                   = 5839372                                {pd product} {ergonomic}
    uintx NonProfiledCodeHeapSize                  = 122909434                              {pd product} {ergonomic}
    uintx ProfiledCodeHeapSize                     = 122909434                              {pd product} {ergonomic}
    uintx ReservedCodeCacheSize                    = 251658240                              {pd product} {ergonomic}
     bool SegmentedCodeCache                       = true                                      {product} {ergonomic}
     bool ShowCodeDetailsInExceptionMessages       = true                                   {manageable} {command line}
   size_t SoftMaxHeapSize                          = 1572864000                             {manageable} {ergonomic}
     bool UseCompressedOops                        = true                           {product lp64_product} {ergonomic}
     bool UseG1GC                                  = true                                      {product} {ergonomic}
     bool UseLargePagesIndividualAllocation        = false                                  {pd product} {ergonomic}

Logging:
Log output configuration:
 #0: stdout all=warning uptime,level,tags foldmultilines=false
 #1: stderr all=off uptime,level,tags foldmultilines=false

Environment Variables:
PATH=C:\Program Files\Common Files\Oracle\Java\javapath;C:\Windows\system32;C:\Windows;C:\Windows\System32\Wbem;C:\Windows\System32\WindowsPowerShell\v1.0\;C:\Windows\System32\OpenSSH\;C:\Program Files (x86)\NVIDIA Corporation\PhysX\Common;C:\Program Files\NVIDIA Corporation\NVIDIA NvDLISR;C:\WINDOWS\system32;C:\WINDOWS;C:\WINDOWS\System32\Wbem;C:\WINDOWS\System32\WindowsPowerShell\v1.0\;C:\WINDOWS\System32\OpenSSH\;D:\Drivers\Matlab\R2024b\runtime\win64;D:\Drivers\matlab2\runtime\win64;D:\Drivers\matlab2\bin;D:\Drivers\Python\Scripts\;D:\Drivers\Python\;C:\Users\Sanjay\AppData\Local\Microsoft\WindowsApps;D:\Drivers\Microsoft VS Code\bin;C:\Users\Sanjay\AppData\Local\GitHubDesktop\bin
USERNAME=Sanjay
OS=Windows_NT
PROCESSOR_IDENTIFIER=AMD64 Family 25 Model 80 Stepping 0, AuthenticAMD
TMP=C:\Users\Sanjay\AppData\Local\Temp
TEMP=C:\Users\Sanjay\AppData\Local\Temp




Periodic native trim disabled

---------------  S Y S T E M  ---------------

OS:
 Windows 11 , 64 bit Build 22621 (10.0.22621.4391)
OS uptime: 6 days 6:47 hours
Hyper-V role detected

CPU: total 12 (initial active 12) (12 cores per cpu, 2 threads per core) family 25 model 80 stepping 0 microcode 0x0, cx8, cmov, fxsr, ht, mmx, 3dnowpref, sse, sse2, sse3, ssse3, sse4a, sse4.1, sse4.2, popcnt, lzcnt, tsc, tscinvbit, avx, avx2, aes, erms, clmul, bmi1, bmi2, adx, sha, fma, vzeroupper, clflush, clflushopt, hv, rdtscp, rdpid, fsrm, f16c, cet_ss
Processor Information for processor 0
  Max Mhz: 3301, Current Mhz: 1805, Mhz Limit: 3301
Processor Information for processor 1
  Max Mhz: 3301, Current Mhz: 3301, Mhz Limit: 3301
Processor Information for processor 2
  Max Mhz: 3301, Current Mhz: 3301, Mhz Limit: 3301
Processor Information for processor 3
  Max Mhz: 3301, Current Mhz: 3301, Mhz Limit: 3301
Processor Information for processor 4
  Max Mhz: 3301, Current Mhz: 1805, Mhz Limit: 3301
Processor Information for processor 5
  Max Mhz: 3301, Current Mhz: 1805, Mhz Limit: 3301
Processor Information for processor 6
  Max Mhz: 3301, Current Mhz: 1805, Mhz Limit: 3301
Processor Information for processor 7
  Max Mhz: 3301, Current Mhz: 1805, Mhz Limit: 3301
Processor Information for processor 8
  Max Mhz: 3301, Current Mhz: 1805, Mhz Limit: 3301
Processor Information for processor 9
  Max Mhz: 3301, Current Mhz: 1805, Mhz Limit: 3301
Processor Information for processor 10
  Max Mhz: 3301, Current Mhz: 1805, Mhz Limit: 3301
Processor Information for processor 11
  Max Mhz: 3301, Current Mhz: 1805, Mhz Limit: 3301

Memory: 4k page, system-wide physical 5996M (542M free)
TotalPageFile size 12140M (AvailPageFile size 71M)
current process WorkingSet (physical memory assigned to process): 11M, peak: 11M
current process commit charge ("private bytes"): 64M, peak: 158M

vm_info: Java HotSpot(TM) 64-Bit Server VM (21.0.5+9-LTS-239) for windows-amd64 JRE (21.0.5+9-LTS-239), built on 2024-09-30T05:17:38Z by "mach5one" with MS VC++ 17.6 (VS2022)

END.
